TN:
SF:script/DeployRaffle.s.sol
FN:11,DeployRaffle.run
FNDA:7,DeployRaffle.run
DA:12,7
DA:12,7
DA:12,7
DA:13,7
DA:13,7
DA:21,7
DA:21,7
DA:23,7
DA:23,7
BRDA:23,0,0,-
BRDA:23,0,1,7
DA:24,7
DA:24,7
DA:24,7
DA:25,7
DA:25,7
DA:28,7
DA:28,7
DA:28,7
DA:29,7
DA:29,7
DA:35,7
DA:35,7
DA:36,7
DA:36,7
DA:36,7
DA:43,7
DA:43,7
DA:44,7
DA:44,7
DA:44,7
DA:45,7
DA:45,7
DA:46,7
DA:46,7
FNF:1
FNH:1
LF:14
LH:14
BRF:2
BRH:1
end_of_record
TN:
SF:script/HelperConfig.s.sol
FN:31,HelperConfig.getSepoliaConfig
FNDA:0,HelperConfig.getSepoliaConfig
DA:32,0
DA:32,0
DA:33,0
DA:33,0
FN:44,HelperConfig.getOrCreateAnvilEthConfig
FNDA:0,HelperConfig.getOrCreateAnvilEthConfig
DA:45,0
DA:45,0
DA:45,0
BRDA:45,0,0,-
BRDA:45,0,1,-
DA:46,0
DA:46,0
DA:47,0
DA:47,0
DA:48,0
DA:48,0
DA:49,0
DA:49,0
DA:50,0
DA:50,0
DA:50,0
DA:51,0
DA:51,0
DA:51,0
DA:52,0
DA:52,0
DA:53,0
DA:53,0
DA:54,0
DA:54,0
FNF:2
FNH:0
LF:12
LH:0
BRF:2
BRH:0
end_of_record
TN:
SF:script/Interactions.s.sol
FN:69,AddConsumer.addConsumer
FNDA:7,AddConsumer.addConsumer
DA:70,7
DA:70,7
DA:71,7
DA:71,7
DA:72,7
DA:72,7
DA:73,7
DA:73,7
DA:74,7
DA:74,7
DA:75,7
DA:75,7
FN:78,AddConsumer.AddConsumerUsingConfig
FNDA:0,AddConsumer.AddConsumerUsingConfig
DA:79,0
DA:79,0
DA:79,0
DA:80,0
DA:80,0
DA:80,0
DA:81,0
DA:81,0
FN:84,AddConsumer.run
FNDA:0,AddConsumer.run
DA:85,0
DA:85,0
DA:85,0
DA:86,0
DA:86,0
FN:13,CreateSubscription.createSubscriptionUsingConfig
FNDA:0,CreateSubscription.createSubscriptionUsingConfig
DA:14,0
DA:14,0
DA:14,0
DA:15,0
DA:15,0
DA:15,0
DA:16,0
DA:16,0
DA:16,0
FN:19,CreateSubscription.createSubscription
FNDA:7,CreateSubscription.createSubscription
DA:20,7
DA:20,7
DA:21,7
DA:21,7
DA:22,7
DA:22,7
DA:22,7
DA:23,7
DA:23,7
DA:24,7
DA:24,7
DA:25,7
DA:25,7
DA:26,7
DA:26,7
FN:29,CreateSubscription.run
FNDA:0,CreateSubscription.run
DA:30,0
DA:30,0
DA:30,0
FN:37,FundSubscription.fundSubscriptionUsingConfig
FNDA:0,FundSubscription.fundSubscriptionUsingConfig
DA:38,0
DA:38,0
DA:38,0
DA:39,0
DA:39,0
DA:39,0
DA:40,0
DA:40,0
FN:43,FundSubscription.fundSubscription
FNDA:7,FundSubscription.fundSubscription
DA:44,7
DA:44,7
DA:45,7
DA:45,7
DA:46,7
DA:46,7
DA:47,7
DA:47,7
BRDA:47,0,0,-
BRDA:47,0,1,7
DA:48,7
DA:48,7
DA:49,7
DA:49,7
DA:50,7
DA:50,7
DA:53,0
DA:53,0
DA:54,0
DA:54,0
DA:58,0
DA:58,0
FN:62,FundSubscription.run
FNDA:0,FundSubscription.run
DA:63,0
DA:63,0
FNF:9
FNH:3
LF:36
LH:20
BRF:2
BRH:1
end_of_record
TN:
SF:src/Raffle.sol
FN:86,Raffle.enterRaffle
FNDA:6,Raffle.enterRaffle
DA:88,6
DA:88,6
BRDA:88,0,0,1
BRDA:88,0,1,5
DA:89,1
DA:89,1
DA:90,5
DA:90,5
BRDA:90,1,0,1
BRDA:90,1,1,4
DA:91,1
DA:91,1
DA:92,4
DA:92,4
DA:93,4
DA:93,4
FN:104,Raffle.checkUpkeep
FNDA:2,Raffle.checkUpkeep
DA:107,4
DA:107,4
DA:107,4
DA:107,4
DA:108,4
DA:108,4
DA:108,4
DA:109,4
DA:109,4
DA:109,4
DA:110,4
DA:110,4
DA:110,4
DA:111,4
DA:111,4
DA:112,4
DA:112,4
FN:116,Raffle.perfomUpkeep
FNDA:2,Raffle.perfomUpkeep
DA:117,2
DA:117,2
DA:117,2
DA:118,2
DA:118,2
BRDA:118,2,0,-
BRDA:118,2,1,-
DA:119,0
DA:119,0
DA:126,2
DA:126,2
DA:127,2
DA:127,2
FN:136,Raffle.fulfillRandomWords
FNDA:0,Raffle.fulfillRandomWords
DA:140,0
DA:140,0
DA:140,0
DA:141,0
DA:141,0
DA:142,0
DA:142,0
DA:143,0
DA:143,0
DA:144,0
DA:144,0
DA:145,0
DA:145,0
DA:146,0
DA:146,0
DA:147,0
DA:147,0
DA:147,0
DA:148,0
DA:148,0
BRDA:148,3,0,-
BRDA:148,3,1,-
DA:149,0
DA:149,0
FN:154,Raffle.getEntranceFee
FNDA:0,Raffle.getEntranceFee
DA:155,0
DA:155,0
FN:158,Raffle.getRaffleState
FNDA:1,Raffle.getRaffleState
DA:159,1
DA:159,1
FN:161,Raffle.getPlayer
FNDA:1,Raffle.getPlayer
DA:162,1
DA:162,1
FN:165,Raffle.getrecentWinner
FNDA:0,Raffle.getrecentWinner
DA:166,0
DA:166,0
FNF:8
FNH:5
LF:31
LH:18
BRF:8
BRH:4
end_of_record
TN:
SF:test/mocks/LinkToken.sol
FN:37,LinkToken.transferAndCall
FNDA:0,LinkToken.transferAndCall
DA:42,0
DA:42,0
DA:44,0
DA:44,0
DA:45,0
DA:45,0
BRDA:45,0,0,-
BRDA:45,0,1,-
DA:46,0
DA:46,0
DA:48,0
DA:48,0
FN:53,LinkToken.contractFallback
FNDA:0,LinkToken.contractFallback
DA:58,0
DA:58,0
DA:58,0
DA:59,0
DA:59,0
FN:62,LinkToken.isContract
FNDA:0,LinkToken.isContract
DA:63,0
DA:63,0
DA:65,0
DA:65,0
DA:67,0
DA:67,0
DA:67,0
FNF:3
FNH:0
LF:10
LH:0
BRF:2
BRH:0
end_of_record
